{"C:\\Users\\marka\\Documents\\_me\\Programming\\Mobile Apps\\weatherforecast\\jest.config.js": {"path":"C:\\Users\\marka\\Documents\\_me\\Programming\\Mobile Apps\\weatherforecast\\jest.config.js","statementMap":{"0":{"start":{"line":1,"column":0},"end":{"line":26,"column":4}}},"fnMap":{},"branchMap":{},"s":{"0":0},"f":{},"b":{}}
,"C:\\Users\\marka\\Documents\\_me\\Programming\\Mobile Apps\\weatherforecast\\metro.config.js": {"path":"C:\\Users\\marka\\Documents\\_me\\Programming\\Mobile Apps\\weatherforecast\\metro.config.js","statementMap":{"0":{"start":{"line":1,"column":29},"end":{"line":1,"column":57}},"1":{"start":{"line":2,"column":27},"end":{"line":2,"column":54}},"2":{"start":{"line":4,"column":15},"end":{"line":4,"column":42}},"3":{"start":{"line":6,"column":0},"end":{"line":6,"column":73}}},"fnMap":{},"branchMap":{},"s":{"0":0,"1":0,"2":0,"3":0},"f":{},"b":{}}
,"C:\\Users\\marka\\Documents\\_me\\Programming\\Mobile Apps\\weatherforecast\\tailwind.config.js": {"path":"C:\\Users\\marka\\Documents\\_me\\Programming\\Mobile Apps\\weatherforecast\\tailwind.config.js","statementMap":{"0":{"start":{"line":2,"column":0},"end":{"line":21,"column":1}}},"fnMap":{},"branchMap":{},"s":{"0":0},"f":{},"b":{}}
}
